<?xml version="1.0" encoding="UTF-8"?>
<testng-results ignored="0" total="1" passed="1" failed="0" skipped="0">
  <reporter-output>
  </reporter-output>
  <suite started-at="2024-07-20T21:49:35 WAT" name="Default suite" finished-at="2024-07-20T21:50:32 WAT" duration-ms="57257">
    <groups>
    </groups>
    <test started-at="2024-07-20T21:49:35 WAT" name="Default test" finished-at="2024-07-20T21:50:32 WAT" duration-ms="57257">
      <class name="iOSTest.NativeApps">
        <test-method is-config="true" signature="setup()[pri:0, instance:iOSTest.NativeApps@4686afc2]" started-at="2024-07-20T21:49:35 WAT" name="setup" finished-at="2024-07-20T21:50:23 WAT" duration-ms="48930" status="PASS">
          <reporter-output>
          </reporter-output>
        </test-method> <!-- setup -->
        <test-method signature="sampleTest()[pri:0, instance:iOSTest.NativeApps@4686afc2]" started-at="2024-07-20T21:50:23 WAT" name="sampleTest" finished-at="2024-07-20T21:50:32 WAT" duration-ms="8209" status="PASS">
          <reporter-output>
          </reporter-output>
        </test-method> <!-- sampleTest -->
        <test-method is-config="true" signature="tearDown()[pri:0, instance:iOSTest.NativeApps@4686afc2]" started-at="2024-07-20T21:50:32 WAT" name="tearDown" finished-at="2024-07-20T21:50:32 WAT" duration-ms="32" status="PASS">
          <reporter-output>
          </reporter-output>
        </test-method> <!-- tearDown -->
      </class> <!-- iOSTest.NativeApps -->
    </test> <!-- Default test -->
  </suite> <!-- Default suite -->
</testng-results>
