<?xml version="1.0" encoding="UTF-8"?>
<testng-results ignored="0" total="1" passed="1" failed="0" skipped="0">
  <reporter-output>
  </reporter-output>
  <suite started-at="2024-07-20T21:41:29 WAT" name="Default suite" finished-at="2024-07-20T21:41:49 WAT" duration-ms="20132">
    <groups>
    </groups>
    <test started-at="2024-07-20T21:41:29 WAT" name="Default test" finished-at="2024-07-20T21:41:49 WAT" duration-ms="20132">
      <class name="iOSTest.NativeApps">
        <test-method is-config="true" signature="setup()[pri:0, instance:iOSTest.NativeApps@4686afc2]" started-at="2024-07-20T21:41:29 WAT" name="setup" finished-at="2024-07-20T21:41:31 WAT" duration-ms="2766" status="PASS">
          <reporter-output>
          </reporter-output>
        </test-method> <!-- setup -->
        <test-method signature="sampleTest()[pri:0, instance:iOSTest.NativeApps@4686afc2]" started-at="2024-07-20T21:41:31 WAT" name="sampleTest" finished-at="2024-07-20T21:41:49 WAT" duration-ms="17185" status="PASS">
          <reporter-output>
          </reporter-output>
        </test-method> <!-- sampleTest -->
        <test-method is-config="true" signature="tearDown()[pri:0, instance:iOSTest.NativeApps@4686afc2]" started-at="2024-07-20T21:41:49 WAT" name="tearDown" finished-at="2024-07-20T21:41:49 WAT" duration-ms="47" status="PASS">
          <reporter-output>
          </reporter-output>
        </test-method> <!-- tearDown -->
      </class> <!-- iOSTest.NativeApps -->
    </test> <!-- Default test -->
  </suite> <!-- Default suite -->
</testng-results>
